2025-07-01 16:09:46,443 - __main__ - INFO - Starting script execution
2025-07-01 16:09:46,444 - __main__ - INFO - Python version: 3.13.1 (tags/v3.13.1:0671451, Dec  3 2024, 19:06:28) [MSC v.1942 64 bit (AMD64)]
2025-07-01 16:09:46,445 - __main__ - INFO - Current working directory: C:\Users\Haseeb Ali\OneDrive\Documents\HateSpeechDetection
2025-07-01 16:09:46,446 - __main__ - INFO - System path: ['C:\\Users\\Haseeb Ali\\OneDrive\\Documents\\HateSpeechDetection', 'C:\\Python313\\python313.zip', 'C:\\Python313\\DLLs', 'C:\\Python313\\Lib', 'C:\\Python313', 'C:\\Users\\Haseeb Ali\\AppData\\Roaming\\Python\\Python313\\site-packages', 'C:\\Users\\Haseeb Ali\\AppData\\Roaming\\Python\\Python313\\site-packages\\win32', 'C:\\Users\\Haseeb Ali\\AppData\\Roaming\\Python\\Python313\\site-packages\\win32\\lib', 'C:\\Users\\Haseeb Ali\\AppData\\Roaming\\Python\\Python313\\site-packages\\Pythonwin', 'C:\\Python313\\Lib\\site-packages', 'C:\\Users\\Haseeb Ali\\OneDrive\\Documents\\HateSpeechDetection']
2025-07-01 16:09:46,448 - __main__ - INFO - Attempting to import app module
2025-07-01 16:09:49,533 - matplotlib - DEBUG - matplotlib data path: C:\Users\Haseeb Ali\AppData\Roaming\Python\Python313\site-packages\matplotlib\mpl-data
2025-07-01 16:09:49,545 - matplotlib - DEBUG - CONFIGDIR=C:\Users\Haseeb Ali\.matplotlib
2025-07-01 16:09:49,548 - matplotlib - DEBUG - interactive is False
2025-07-01 16:09:49,549 - matplotlib - DEBUG - platform is win32
2025-07-01 16:09:49,810 - matplotlib - DEBUG - CACHEDIR=C:\Users\Haseeb Ali\.matplotlib
2025-07-01 16:09:49,827 - matplotlib.font_manager - DEBUG - Using fontManager instance from C:\Users\Haseeb Ali\.matplotlib\fontlist-v390.json
2025-07-01 16:10:32,659 - __main__ - ERROR - An error occurred: No module named 'plotly'
Traceback (most recent call last):
  File "C:\Users\Haseeb Ali\OneDrive\Documents\HateSpeechDetection\run.py", line 38, in <module>
    from src.app.app import app
  File "C:\Users\Haseeb Ali\OneDrive\Documents\HateSpeechDetection\src\app\app.py", line 21, in <module>
    from src.visualization.visualization import Visualizer
  File "C:\Users\Haseeb Ali\OneDrive\Documents\HateSpeechDetection\src\visualization\visualization.py", line 7, in <module>
    import plotly.express as px
ModuleNotFoundError: No module named 'plotly'
